Arguments: 
  C:\Program Files\nodejs\node.exe C:\Program Files (x86)\Yarn\bin\yarn.js build

PATH: 
  C:\Program Files\Common Files\Oracle\Java\javapath;C:\Program Files\Oculus\Support\oculus-runtime;C:\ProgramData\Ruby26\bin;C:\WINDOWS\system32;C:\WINDOWS;C:\WINDOWS\System32\Wbem;C:\WINDOWS\System32\WindowsPowerShell\v1.0\;C:\WINDOWS\System32\OpenSSH\;C:\Program Files\Microsoft VS Code\bin;C:\Program Files\Git\cmd;C:\ProgramData\chocolatey\bin;C:\Users\Nikola\Anaconda3\pkgs\python-3.7.4-h5263a28_0;C:\Program Files\MiKTeX 2.9\miktex\bin\x64\;C:\catchall\Strawberry\c\bin;C:\catchall\Strawberry\perl\site\bin;C:\catchall\Strawberry\perl\bin;C:\Program Files\NVIDIA Corporation\NVIDIA NvDLISR;C:\Program Files (x86)\NVIDIA Corporation\PhysX\Common;C:\Program Files\dotnet\;C:\Users\Nikola\AppData\Roaming\nvm;C:\Program Files\nodejs;C:\Program Files\Docker\Docker\resources\bin;C:\ProgramData\DockerDesktop\version-bin;C:\catchall\Go\bin;C:\WINDOWS\system32;C:\WINDOWS;C:\WINDOWS\System32\Wbem;C:\WINDOWS\System32\WindowsPowerShell\v1.0\;C:\WINDOWS\System32\OpenSSH\;C:\Program Files (x86)\Yarn\bin\;C:\Program Files (x86)\ZeroTier\One\;C:\Users\Nikola\.local\share\solana\install\active_release\bin;C:\Users\Nikola\.cargo\bin;C:\Users\Nikola\Anaconda3;C:\Users\Nikola\Anaconda3\Library\mingw-w64\bin;C:\Users\Nikola\Anaconda3\Library\usr\bin;C:\Users\Nikola\Anaconda3\Library\bin;C:\Users\Nikola\Anaconda3\Scripts;C:\Users\Nikola\AppData\Local\Microsoft\WindowsApps;C:\Users\Nikola\AppData\Local\GitHubDesktop\bin;C:\Users\Nikola\AppData\Roaming\npm;C:\Users\Nikola\AppData\Local\Programs\Fiddler;C:\Users\Nikola\AppData\Roaming\nvm;C:\Program Files\nodejs;C:\Users\Nikola\.dotnet\tools;C:\Users\Nikola\go\bin;C:\Users\Nikola\AppData\Local\Microsoft\WindowsApps;C:\Users\Nikola\AppData\Local\Yarn\bin;C:\Users\Nikola\.local\share\solana\install\releases\1.9.5\solana-release\bin;

Yarn version: 
  1.22.5

Node version: 
  14.17.0

Platform: 
  win32 x64

Trace: 
  SyntaxError: C:\Users\Nikola\Documents\gitrepos\token-minter\package.json: Unexpected token } in JSON at position 984
      at JSON.parse (<anonymous>)
      at C:\Program Files (x86)\Yarn\lib\cli.js:1625:59
      at Generator.next (<anonymous>)
      at step (C:\Program Files (x86)\Yarn\lib\cli.js:310:30)
      at C:\Program Files (x86)\Yarn\lib\cli.js:321:13

npm manifest: 
  {
    "name": "token-minter",
    "version": "0.5.0",
    "scripts": {
      "dev": "vite",
      "build": "tsc && vite build",
      "preview": "vite preview",
      "lint:fix": "eslint ./src --ext .jsx,.js,.ts,.tsx --quiet --fix --ignore-path ./.gitignore",
      "lint:format": "prettier  --loglevel warn --write \"./**/*.{js,jsx,ts,tsx,css,md,json}\" ",
      "lint": "yarn lint:format && yarn lint:fix"
    },
    "dependencies": {
      "@octokit/core": "^3.5.1",
      "@solana/spl-token": "^0.1.8",
      "@solana/wallet-adapter-base": "^0.9.2",
      "@solana/wallet-adapter-react": "^0.15.2",
      "@solana/wallet-adapter-react-ui": "^0.9.4",
      "@solana/wallet-adapter-wallets": "^0.14.2",
      "@solana/web3.js": "^1.32.0",
      "@uniswap/token-lists": "^1.0.0-beta.27",
      "bip39": "^3.0.4",
      "bootstrap": "^5.1.3",
      "bs58": "^4.0.1",
      "dark-bootstrap-theme": "^5.0.0",
      "react": "^17.0.2",
      "react-bootstrap": "^2.1.1",
      "react-dom": "^17.0.2",
      "react-image-upload": "^2.0.1",
    },
    "devDependencies": {
      "@esbuild-plugins/node-globals-polyfill": "^0.1.1",
      "@esbuild-plugins/node-modules-polyfill": "^0.1.4",
      "@types/bs58": "^4.0.1",
      "@types/react": "^17.0.33",
      "@types/react-bootstrap": "^0.32.29",
      "@types/react-dom": "^17.0.10",
      "@typescript-eslint/eslint-plugin": "^5.10.0",
      "@typescript-eslint/parser": "^5.10.0",
      "@vitejs/plugin-react": "^1.0.7",
      "eslint": "^8.7.0",
      "eslint-config-prettier": "^8.3.0",
      "eslint-plugin-html": "^6.2.0",
      "eslint-plugin-jsx-a11y": "^6.5.1",
      "eslint-plugin-prettier": "^4.0.0",
      "eslint-plugin-react": "^7.28.0",
      "prettier": "^2.5.1",
      "rollup-plugin-node-builtins": "^2.1.2",
      "rollup-plugin-node-polyfills": "^0.2.1",
      "typescript": "^4.4.4",
      "vite": "^2.7.2"
    }
  }

yarn manifest: 
  No manifest

Lockfile: 
  No lockfile
